<?xml version="1.0" encoding="UTF-8"?><testsuite errors="0" failures="0" name="com.MacroQA.aplicativo.runnerSuite.MacroTransferenciasRunnerSuite" skipped="1" tests="2" time="50.1" timestamp="2020-06-24T16:13:19.347-03:00[America/Buenos_Aires]"><testcase classname="com.MacroQA.aplicativo.runnerSuite.MacroTransferenciasRunnerSuite" name="Transferencia a mi cuenta"><skipped/></testcase><testcase classname="com.MacroQA.aplicativo.runnerSuite.MacroTransferenciasRunnerSuite" name="Transferencia"/></testsuite>